==73865== Memcheck, a memory error detector
==73865== Copyright (C) 2002-2017, and GNU GPL'd, by Julian Seward et al.
==73865== Using Valgrind-3.18.1 and LibVEX; rerun with -h for copyright info
==73865== Command: ./ex24
==73865== 
What's your first name? What's your last name? How old are you? What color are your eyes?
1) Blue
2) Green
3) Brown
4) Black
5) Other
>How much do you make an hour?
-----RESULT-----
First Name: Zed
Last name: Shaw
Age: 37
Eyes: Blue
Income: 1.23
==73865== 
==73865== HEAP SUMMARY:
==73865==     in use at exit: 0 bytes in 0 blocks
==73865==   total heap usage: 2 allocs, 2 frees, 8,192 bytes allocated
==73865== 
==73865== All heap blocks were freed -- no leaks are possible
==73865== 
==73865== For lists of detected and suppressed errors, rerun with: -s
==73865== ERROR SUMMARY: 0 errors from 0 contexts (suppressed: 0 from 0)
