==63543== Memcheck, a memory error detector
==63543== Copyright (C) 2002-2017, and GNU GPL'd, by Julian Seward et al.
==63543== Using Valgrind-3.18.1 and LibVEX; rerun with -h for copyright info
==63543== Command: ./ex18_null
==63543== 
==63543== Jump to the invalid address stated on the next line
==63543==    at 0x0: ???
==63543==    by 0x4897D8F: (below main) (libc_start_call_main.h:58)
==63543==  Address 0x0 is not stack'd, malloc'd or (recently) free'd
==63543== 
==63543== 
==63543== Process terminating with default action of signal 11 (SIGSEGV)
==63543==  Bad permissions for mapped region at address 0x0
==63543==    at 0x0: ???
==63543==    by 0x4897D8F: (below main) (libc_start_call_main.h:58)
==63543== 
==63543== HEAP SUMMARY:
==63543==     in use at exit: 0 bytes in 0 blocks
==63543==   total heap usage: 0 allocs, 0 frees, 0 bytes allocated
==63543== 
==63543== All heap blocks were freed -- no leaks are possible
==63543== 
==63543== For lists of detected and suppressed errors, rerun with: -s
==63543== ERROR SUMMARY: 1 errors from 1 contexts (suppressed: 0 from 0)
