===== Exercise 0 Environment Check =====

[Date]
2026年 07月 12日 星期日 16:30:54 CST

[Current Directory]
/home/joujou/Practice/learn-c-the-hard-way

[GCC]
gcc (Ubuntu 11.4.0-1ubuntu1~22.04.3) 11.4.0

[Make]
GNU Make 4.3

[GDB]
GNU gdb (Ubuntu 12.1-0ubuntu1~22.04.2) 12.1

[Valgrind]
valgrind-3.18.1

[Git]
git version 2.34.1

[Vim]
VIM - Vi IMproved 8.2 (2019 Dec 12, compiled Jun 30 2026 17:46:22)

[Nano]
 GNU nano, version 6.2

[Tool Paths]
/usr/bin/gcc
/usr/bin/make
/usr/bin/gdb
/usr/bin/valgrind
/usr/bin/git
/usr/bin/vim
/usr/bin/nano
