==42191== Memcheck, a memory error detector
==42191== Copyright (C) 2002-2017, and GNU GPL'd, by Julian Seward et al.
==42191== Using Valgrind-3.18.1 and LibVEX; rerun with -h for copyright info
==42191== Command: ./ex10
==42191== 
==42191== Conditional jump or move depends on uninitialised value(s)
==42191==    at 0x48E373B: __vfprintf_internal (vfprintf-internal.c:1517)
==42191==    by 0x48CE79E: printf (printf.c:33)
==42191==    by 0x109235: main (ex10.c:27)
==42191==  Uninitialised value was created by a stack allocation
==42191==    at 0x109169: main (ex10.c:4)
==42191== 
==42191== Invalid read of size 1
==42191==    at 0x484ED16: strlen (in /usr/libexec/valgrind/vgpreload_memcheck-amd64-linux.so)
==42191==    by 0x48E4D30: __vfprintf_internal (vfprintf-internal.c:1517)
==42191==    by 0x48CE79E: printf (printf.c:33)
==42191==    by 0x109235: main (ex10.c:27)
==42191==  Address 0xf0a41125dbbf7400 is not stack'd, malloc'd or (recently) free'd
==42191== 
==42191== 
==42191== Process terminating with default action of signal 11 (SIGSEGV)
==42191==  General Protection Fault
==42191==    at 0x484ED16: strlen (in /usr/libexec/valgrind/vgpreload_memcheck-amd64-linux.so)
==42191==    by 0x48E4D30: __vfprintf_internal (vfprintf-internal.c:1517)
==42191==    by 0x48CE79E: printf (printf.c:33)
==42191==    by 0x109235: main (ex10.c:27)
==42191== 
==42191== HEAP SUMMARY:
==42191==     in use at exit: 4,096 bytes in 1 blocks
==42191==   total heap usage: 1 allocs, 0 frees, 4,096 bytes allocated
==42191== 
==42191== LEAK SUMMARY:
==42191==    definitely lost: 0 bytes in 0 blocks
==42191==    indirectly lost: 0 bytes in 0 blocks
==42191==      possibly lost: 0 bytes in 0 blocks
==42191==    still reachable: 4,096 bytes in 1 blocks
==42191==         suppressed: 0 bytes in 0 blocks
==42191== Rerun with --leak-check=full to see details of leaked memory
==42191== 
==42191== For lists of detected and suppressed errors, rerun with: -s
==42191== ERROR SUMMARY: 2 errors from 2 contexts (suppressed: 0 from 0)
