==42539== Memcheck, a memory error detector
==42539== Copyright (C) 2002-2017, and GNU GPL'd, by Julian Seward et al.
==42539== Using Valgrind-3.18.1 and LibVEX; rerun with -h for copyright info
==42539== Command: ./ex10 apple banana
==42539== 
arg 1: apple
arg 2: banana
state 0: California
state 1: NewYork
state 2: Washington
state 3: Texas
==42539== 
==42539== HEAP SUMMARY:
==42539==     in use at exit: 0 bytes in 0 blocks
==42539==   total heap usage: 1 allocs, 1 frees, 4,096 bytes allocated
==42539== 
==42539== All heap blocks were freed -- no leaks are possible
==42539== 
==42539== For lists of detected and suppressed errors, rerun with: -s
==42539== ERROR SUMMARY: 0 errors from 0 contexts (suppressed: 0 from 0)
