==49652== Memcheck, a memory error detector
==49652== Copyright (C) 2002-2017, and GNU GPL'd, by Julian Seward et al.
==49652== Using Valgrind-3.18.1 and LibVEX; rerun with -h for copyright info
==49652== Command: ./ex13_uninitialized
==49652== 
==49652== Conditional jump or move depends on uninitialised value(s)
==49652==    at 0x10915C: main (ex13_uninitialized.c:7)
==49652==  Uninitialised value was created by a stack allocation
==49652==    at 0x109149: main (ex13_uninitialized.c:4)
==49652== 
Other
==49652== 
==49652== HEAP SUMMARY:
==49652==     in use at exit: 0 bytes in 0 blocks
==49652==   total heap usage: 1 allocs, 1 frees, 4,096 bytes allocated
==49652== 
==49652== All heap blocks were freed -- no leaks are possible
==49652== 
==49652== For lists of detected and suppressed errors, rerun with: -s
==49652== ERROR SUMMARY: 1 errors from 1 contexts (suppressed: 0 from 0)
