==49846== Memcheck, a memory error detector
==49846== Copyright (C) 2002-2017, and GNU GPL'd, by Julian Seward et al.
==49846== Using Valgrind-3.18.1 and LibVEX; rerun with -h for copyright info
==49846== Command: ./ex13 Zed\ Shaw
==49846== 
0: Z is not a vowel
1: 'E'
2: d is not a vowel
3:   is not a vowel
4: S is not a vowel
5: h is not a vowel
6: 'A'
7: w is not a vowel
==49846== 
==49846== HEAP SUMMARY:
==49846==     in use at exit: 0 bytes in 0 blocks
==49846==   total heap usage: 1 allocs, 1 frees, 4,096 bytes allocated
==49846== 
==49846== All heap blocks were freed -- no leaks are possible
==49846== 
==49846== For lists of detected and suppressed errors, rerun with: -s
==49846== ERROR SUMMARY: 0 errors from 0 contexts (suppressed: 0 from 0)
