==43145== Memcheck, a memory error detector
==43145== Copyright (C) 2002-2017, and GNU GPL'd, by Julian Seward et al.
==43145== Using Valgrind-3.18.1 and LibVEX; rerun with -h for copyright info
==43145== Command: ./ex11_extra Sichuan Beijing Shanghai Shenzhen Chengdu
==43145== 
Arguments in reverse:
arg 5: Chengdu
arg 4: Shenzhen
arg 3: Shanghai
arg 2: Beijing
arg 1: Sichuan
arg 0: ./ex11_extra
States in reverse:
state 3: Texas
state 2: Washington
state 1: Oregon
state 0: California
Copy argv pointers into states:
states[0] = Sichuan
states address: 0x1fff000180, argv address: 0x1fff000180
states[1] = Beijing
states address: 0x1fff000188, argv address: 0x1fff000188
states[2] = Shanghai
states address: 0x1fff000190, argv address: 0x1fff000190
states[3] = Shenzhen
states address: 0x1fff000199, argv address: 0x1fff000199
States after assignment:
state 0: Sichuan
state 1: Beijing
state 2: Shanghai
state 3: Shenzhen
==43145== 
==43145== HEAP SUMMARY:
==43145==     in use at exit: 0 bytes in 0 blocks
==43145==   total heap usage: 1 allocs, 1 frees, 4,096 bytes allocated
==43145== 
==43145== All heap blocks were freed -- no leaks are possible
==43145== 
==43145== For lists of detected and suppressed errors, rerun with: -s
==43145== ERROR SUMMARY: 0 errors from 0 contexts (suppressed: 0 from 0)
