Alan has 23 years alive.
Jou has 43 years alive.
Mary has 12 years alive.
Jack has 89 years alive.
Lisa has 2 years alive.
---
Alan is 23 years old.
Jou is 43 years old.
Mary is 12 years old.
Jack is 89 years old.
Lisa is 2 years old.
---
Alan is 23 years old again.
Jou is 43 years old again.
Mary is 12 years old again.
Jack is 89 years old again.
Lisa is 2 years old again.
---
Alan lived 23 years so far.
Jou lived 43 years so far.
Mary lived 12 years so far.
Jack lived 89 years so far.
Lisa lived 2 years so far.
