==52250== Memcheck, a memory error detector
==52250== Copyright (C) 2002-2017, and GNU GPL'd, by Julian Seward et al.
==52250== Using Valgrind-3.18.1 and LibVEX; rerun with -h for copyright info
==52250== Command: ./ex15_bad_pointer
==52250== 
==52250== Invalid read of size 1
==52250==    at 0x484ED16: strlen (in /usr/libexec/valgrind/vgpreload_memcheck-amd64-linux.so)
==52250==    by 0x48E4D30: __vfprintf_internal (vfprintf-internal.c:1517)
==52250==    by 0x48CE79E: printf (printf.c:33)
==52250==    by 0x1091CC: main (ex15_bad_pointer.c:13)
==52250==  Address 0x2b00000017 is not stack'd, malloc'd or (recently) free'd
==52250== 
==52250== 
==52250== Process terminating with default action of signal 11 (SIGSEGV)
==52250==  Access not within mapped region at address 0x2B00000017
==52250==    at 0x484ED16: strlen (in /usr/libexec/valgrind/vgpreload_memcheck-amd64-linux.so)
==52250==    by 0x48E4D30: __vfprintf_internal (vfprintf-internal.c:1517)
==52250==    by 0x48CE79E: printf (printf.c:33)
==52250==    by 0x1091CC: main (ex15_bad_pointer.c:13)
==52250==  If you believe this happened as a result of a stack
==52250==  overflow in your program's main thread (unlikely but
==52250==  possible), you can try to increase the size of the
==52250==  main thread stack using the --main-stacksize= flag.
==52250==  The main thread stack size used in this run was 8388608.
==52250== 
==52250== HEAP SUMMARY:
==52250==     in use at exit: 4,096 bytes in 1 blocks
==52250==   total heap usage: 1 allocs, 0 frees, 4,096 bytes allocated
==52250== 
==52250== LEAK SUMMARY:
==52250==    definitely lost: 0 bytes in 0 blocks
==52250==    indirectly lost: 0 bytes in 0 blocks
==52250==      possibly lost: 0 bytes in 0 blocks
==52250==    still reachable: 4,096 bytes in 1 blocks
==52250==         suppressed: 0 bytes in 0 blocks
==52250== Rerun with --leak-check=full to see details of leaked memory
==52250== 
==52250== For lists of detected and suppressed errors, rerun with: -s
==52250== ERROR SUMMARY: 1 errors from 1 contexts (suppressed: 0 from 0)
