==52638== Memcheck, a memory error detector
==52638== Copyright (C) 2002-2017, and GNU GPL'd, by Julian Seward et al.
==52638== Using Valgrind-3.18.1 and LibVEX; rerun with -h for copyright info
==52638== Command: ./ex15_extra hello world
==52638== 
Alan is 23 years old.
Frank is 43 years old.
Mary is 12 years old.
John is 89 years old.
Lisa is 2 years old.
--- addresses ---
ages[0]: address=0x1ffefffc80 value=23
names[0]: pointer-slot=0x1ffefffca0 string=0x10a01d value=Alan
ages[1]: address=0x1ffefffc84 value=43
names[1]: pointer-slot=0x1ffefffca8 string=0x10a022 value=Frank
ages[2]: address=0x1ffefffc88 value=12
names[2]: pointer-slot=0x1ffefffcb0 string=0x10a028 value=Mary
ages[3]: address=0x1ffefffc8c value=89
names[3]: pointer-slot=0x1ffefffcb8 string=0x10a02d value=John
ages[4]: address=0x1ffefffc90 value=2
names[4]: pointer-slot=0x1ffefffcc0 string=0x10a032 value=Lisa
--- reverse using pointers ---
Lisa is 2 years old.
John is 89 years old.
Mary is 12 years old.
Frank is 43 years old.
Alan is 23 years old.
--- command-line arguments using pointers ---
argument address=0x1fff000193, string=./ex15_extra
argument address=0x1fff0001a0, string=hello
argument address=0x1fff0001a6, string=world
==52638== 
==52638== HEAP SUMMARY:
==52638==     in use at exit: 0 bytes in 0 blocks
==52638==   total heap usage: 1 allocs, 1 frees, 4,096 bytes allocated
==52638== 
==52638== All heap blocks were freed -- no leaks are possible
==52638== 
==52638== For lists of detected and suppressed errors, rerun with: -s
==52638== ERROR SUMMARY: 0 errors from 0 contexts (suppressed: 0 from 0)
