==54196== Memcheck, a memory error detector
==54196== Copyright (C) 2002-2017, and GNU GPL'd, by Julian Seward et al.
==54196== Using Valgrind-3.18.1 and LibVEX; rerun with -h for copyright info
==54196== Command: ./ex16_stack
==54196== 
Name: Joe Alex
	Age: 52
	Height: 62
	Weight: 180
Name: Frank Blank
	Age: 40
	Height: 72
	Weight: 200
==54196== 
==54196== HEAP SUMMARY:
==54196==     in use at exit: 0 bytes in 0 blocks
==54196==   total heap usage: 1 allocs, 1 frees, 4,096 bytes allocated
==54196== 
==54196== All heap blocks were freed -- no leaks are possible
==54196== 
==54196== For lists of detected and suppressed errors, rerun with: -s
==54196== ERROR SUMMARY: 0 errors from 0 contexts (suppressed: 0 from 0)
