==53957== Memcheck, a memory error detector
==53957== Copyright (C) 2002-2017, and GNU GPL'd, by Julian Seward et al.
==53957== Using Valgrind-3.18.1 and LibVEX; rerun with -h for copyright info
==53957== Command: ./ex16
==53957== 
Joe is at memory location 0x4a9a040:
Frank is at memory location 0x4a9a0f0:
--- Joe after changes ---
Name: Joe Alex
	Age: 52
	Height: 62
	Weight: 180
--- Frank after changes ---
Name: Frank Blank
	Age: 40
	Height: 72
	Weight: 200
==53957== 
==53957== HEAP SUMMARY:
==53957==     in use at exit: 69 bytes in 4 blocks
==53957==   total heap usage: 5 allocs, 1 frees, 4,165 bytes allocated
==53957== 
==53957== 9 bytes in 1 blocks are indirectly lost in loss record 1 of 4
==53957==    at 0x4848899: malloc (in /usr/libexec/valgrind/vgpreload_memcheck-amd64-linux.so)
==53957==    by 0x491658E: strdup (strdup.c:42)
==53957==    by 0x10924A: Person_create (in /home/joujou/Practice/learn-c-the-hard-way/exercises/ex16/ex16)
==53957==    by 0x1093C2: main (in /home/joujou/Practice/learn-c-the-hard-way/exercises/ex16/ex16)
==53957== 
==53957== 12 bytes in 1 blocks are indirectly lost in loss record 2 of 4
==53957==    at 0x4848899: malloc (in /usr/libexec/valgrind/vgpreload_memcheck-amd64-linux.so)
==53957==    by 0x491658E: strdup (strdup.c:42)
==53957==    by 0x10924A: Person_create (in /home/joujou/Practice/learn-c-the-hard-way/exercises/ex16/ex16)
==53957==    by 0x1093E4: main (in /home/joujou/Practice/learn-c-the-hard-way/exercises/ex16/ex16)
==53957== 
==53957== 33 (24 direct, 9 indirect) bytes in 1 blocks are definitely lost in loss record 3 of 4
==53957==    at 0x4848899: malloc (in /usr/libexec/valgrind/vgpreload_memcheck-amd64-linux.so)
==53957==    by 0x10920B: Person_create (in /home/joujou/Practice/learn-c-the-hard-way/exercises/ex16/ex16)
==53957==    by 0x1093C2: main (in /home/joujou/Practice/learn-c-the-hard-way/exercises/ex16/ex16)
==53957== 
==53957== 36 (24 direct, 12 indirect) bytes in 1 blocks are definitely lost in loss record 4 of 4
==53957==    at 0x4848899: malloc (in /usr/libexec/valgrind/vgpreload_memcheck-amd64-linux.so)
==53957==    by 0x10920B: Person_create (in /home/joujou/Practice/learn-c-the-hard-way/exercises/ex16/ex16)
==53957==    by 0x1093E4: main (in /home/joujou/Practice/learn-c-the-hard-way/exercises/ex16/ex16)
==53957== 
==53957== LEAK SUMMARY:
==53957==    definitely lost: 48 bytes in 2 blocks
==53957==    indirectly lost: 21 bytes in 2 blocks
==53957==      possibly lost: 0 bytes in 0 blocks
==53957==    still reachable: 0 bytes in 0 blocks
==53957==         suppressed: 0 bytes in 0 blocks
==53957== 
==53957== For lists of detected and suppressed errors, rerun with: -s
==53957== ERROR SUMMARY: 2 errors from 2 contexts (suppressed: 0 from 0)
