==54025== Memcheck, a memory error detector
==54025== Copyright (C) 2002-2017, and GNU GPL'd, by Julian Seward et al.
==54025== Using Valgrind-3.18.1 and LibVEX; rerun with -h for copyright info
==54025== Command: ./ex16_null
==54025== 
==54025== Invalid read of size 8
==54025==    at 0x10923E: Person_destroy (ex16.c:35)
==54025==    by 0x109401: main (ex16.c:69)
==54025==  Address 0x0 is not stack'd, malloc'd or (recently) free'd
==54025== 
==54025== 
==54025== Process terminating with default action of signal 11 (SIGSEGV)
==54025==  Access not within mapped region at address 0x0
==54025==    at 0x10923E: Person_destroy (ex16.c:35)
==54025==    by 0x109401: main (ex16.c:69)
==54025==  If you believe this happened as a result of a stack
==54025==  overflow in your program's main thread (unlikely but
==54025==  possible), you can try to increase the size of the
==54025==  main thread stack using the --main-stacksize= flag.
==54025==  The main thread stack size used in this run was 8388608.
==54025== 
==54025== HEAP SUMMARY:
==54025==     in use at exit: 4,165 bytes in 5 blocks
==54025==   total heap usage: 5 allocs, 0 frees, 4,165 bytes allocated
==54025== 
==54025== LEAK SUMMARY:
==54025==    definitely lost: 0 bytes in 0 blocks
==54025==    indirectly lost: 0 bytes in 0 blocks
==54025==      possibly lost: 0 bytes in 0 blocks
==54025==    still reachable: 4,165 bytes in 5 blocks
==54025==         suppressed: 0 bytes in 0 blocks
==54025== Rerun with --leak-check=full to see details of leaked memory
==54025== 
==54025== For lists of detected and suppressed errors, rerun with: -s
==54025== ERROR SUMMARY: 1 errors from 1 contexts (suppressed: 0 from 0)
