==53930== Memcheck, a memory error detector
==53930== Copyright (C) 2002-2017, and GNU GPL'd, by Julian Seward et al.
==53930== Using Valgrind-3.18.1 and LibVEX; rerun with -h for copyright info
==53930== Command: ./ex16
==53930== 
Joe is at memory location 0x4a9a040:
Frank is at memory location 0x4a9a0f0:
--- Joe after changes ---
Name: Joe Alex
	Age: 52
	Height: 62
	Weight: 180
--- Frank after changes ---
Name: Frank Blank
	Age: 40
	Height: 72
	Weight: 200
==53930== 
==53930== HEAP SUMMARY:
==53930==     in use at exit: 0 bytes in 0 blocks
==53930==   total heap usage: 5 allocs, 5 frees, 4,165 bytes allocated
==53930== 
==53930== All heap blocks were freed -- no leaks are possible
==53930== 
==53930== For lists of detected and suppressed errors, rerun with: -s
==53930== ERROR SUMMARY: 0 errors from 0 contexts (suppressed: 0 from 0)
