==54055== Memcheck, a memory error detector
==54055== Copyright (C) 2002-2017, and GNU GPL'd, by Julian Seward et al.
==54055== Using Valgrind-3.18.1 and LibVEX; rerun with -h for copyright info
==54055== Command: ./ex16
==54055== 
==54055== Invalid read of size 8
==54055==    at 0x10931E: Person_print (in /home/joujou/Practice/learn-c-the-hard-way/exercises/ex16/ex16)
==54055==    by 0x1094DB: main (in /home/joujou/Practice/learn-c-the-hard-way/exercises/ex16/ex16)
==54055==  Address 0x0 is not stack'd, malloc'd or (recently) free'd
==54055== 
==54055== 
==54055== Process terminating with default action of signal 11 (SIGSEGV)
==54055==  Access not within mapped region at address 0x0
==54055==    at 0x10931E: Person_print (in /home/joujou/Practice/learn-c-the-hard-way/exercises/ex16/ex16)
==54055==    by 0x1094DB: main (in /home/joujou/Practice/learn-c-the-hard-way/exercises/ex16/ex16)
==54055==  If you believe this happened as a result of a stack
==54055==  overflow in your program's main thread (unlikely but
==54055==  possible), you can try to increase the size of the
==54055==  main thread stack using the --main-stacksize= flag.
==54055==  The main thread stack size used in this run was 8388608.
==54055== 
==54055== HEAP SUMMARY:
==54055==     in use at exit: 4,096 bytes in 1 blocks
==54055==   total heap usage: 5 allocs, 4 frees, 4,165 bytes allocated
==54055== 
==54055== LEAK SUMMARY:
==54055==    definitely lost: 0 bytes in 0 blocks
==54055==    indirectly lost: 0 bytes in 0 blocks
==54055==      possibly lost: 0 bytes in 0 blocks
==54055==    still reachable: 4,096 bytes in 1 blocks
==54055==         suppressed: 0 bytes in 0 blocks
==54055== Rerun with --leak-check=full to see details of leaked memory
==54055== 
==54055== For lists of detected and suppressed errors, rerun with: -s
==54055== ERROR SUMMARY: 1 errors from 1 contexts (suppressed: 0 from 0)
