==54249== Memcheck, a memory error detector
==54249== Copyright (C) 2002-2017, and GNU GPL'd, by Julian Seward et al.
==54249== Using Valgrind-3.18.1 and LibVEX; rerun with -h for copyright info
==54249== Command: ./ex16_stack
==54249== 
Name: Joe Alex
	Age: 52
	Height: 62
	Weight: 180
Name: Frank Blank
	Age: 40
	Height: 72
	Weight: 200
==54249== 
==54249== HEAP SUMMARY:
==54249==     in use at exit: 0 bytes in 0 blocks
==54249==   total heap usage: 1 allocs, 1 frees, 4,096 bytes allocated
==54249== 
==54249== All heap blocks were freed -- no leaks are possible
==54249== 
==54249== For lists of detected and suppressed errors, rerun with: -s
==54249== ERROR SUMMARY: 0 errors from 0 contexts (suppressed: 0 from 0)
