==53982== Memcheck, a memory error detector
==53982== Copyright (C) 2002-2017, and GNU GPL'd, by Julian Seward et al.
==53982== Using Valgrind-3.18.1 and LibVEX; rerun with -h for copyright info
==53982== Command: ./ex16
==53982== 
Joe is at memory location 0x4a9a040:
Frank is at memory location 0x4a9a0f0:
--- Joe after changes ---
Name: Joe Alex
	Age: 52
	Height: 62
	Weight: 180
--- Frank after changes ---
Name: Frank Blank
	Age: 40
	Height: 72
	Weight: 200
==53982== 
==53982== HEAP SUMMARY:
==53982==     in use at exit: 21 bytes in 2 blocks
==53982==   total heap usage: 5 allocs, 3 frees, 4,165 bytes allocated
==53982== 
==53982== 9 bytes in 1 blocks are definitely lost in loss record 1 of 2
==53982==    at 0x4848899: malloc (in /usr/libexec/valgrind/vgpreload_memcheck-amd64-linux.so)
==53982==    by 0x491658E: strdup (strdup.c:42)
==53982==    by 0x10924A: Person_create (in /home/joujou/Practice/learn-c-the-hard-way/exercises/ex16/ex16)
==53982==    by 0x1093B3: main (in /home/joujou/Practice/learn-c-the-hard-way/exercises/ex16/ex16)
==53982== 
==53982== 12 bytes in 1 blocks are definitely lost in loss record 2 of 2
==53982==    at 0x4848899: malloc (in /usr/libexec/valgrind/vgpreload_memcheck-amd64-linux.so)
==53982==    by 0x491658E: strdup (strdup.c:42)
==53982==    by 0x10924A: Person_create (in /home/joujou/Practice/learn-c-the-hard-way/exercises/ex16/ex16)
==53982==    by 0x1093D5: main (in /home/joujou/Practice/learn-c-the-hard-way/exercises/ex16/ex16)
==53982== 
==53982== LEAK SUMMARY:
==53982==    definitely lost: 21 bytes in 2 blocks
==53982==    indirectly lost: 0 bytes in 0 blocks
==53982==      possibly lost: 0 bytes in 0 blocks
==53982==    still reachable: 0 bytes in 0 blocks
==53982==         suppressed: 0 bytes in 0 blocks
==53982== 
==53982== For lists of detected and suppressed errors, rerun with: -s
==53982== ERROR SUMMARY: 2 errors from 2 contexts (suppressed: 0 from 0)
