==35353== Memcheck, a memory error detector
==35353== Copyright (C) 2002-2017, and GNU GPL'd, by Julian Seward et al.
==35353== Using Valgrind-3.18.1 and LibVEX; rerun with -h for copyright info
==35353== Command: ./ex6
==35353== 
==35353== Invalid read of size 1
==35353==    at 0x484ED16: strlen (in /usr/libexec/valgrind/vgpreload_memcheck-amd64-linux.so)
==35353==    by 0x48E4D30: __vfprintf_internal (vfprintf-internal.c:1517)
==35353==    by 0x48CE79E: printf (printf.c:33)
==35353==    by 0x109290: main (ex6.c:21)
==35353==  Address 0x41 is not stack'd, malloc'd or (recently) free'd
==35353== 
==35353== 
==35353== Process terminating with default action of signal 11 (SIGSEGV)
==35353==  Access not within mapped region at address 0x41
==35353==    at 0x484ED16: strlen (in /usr/libexec/valgrind/vgpreload_memcheck-amd64-linux.so)
==35353==    by 0x48E4D30: __vfprintf_internal (vfprintf-internal.c:1517)
==35353==    by 0x48CE79E: printf (printf.c:33)
==35353==    by 0x109290: main (ex6.c:21)
==35353==  If you believe this happened as a result of a stack
==35353==  overflow in your program's main thread (unlikely but
==35353==  possible), you can try to increase the size of the
==35353==  main thread stack using the --main-stacksize= flag.
==35353==  The main thread stack size used in this run was 8388608.
==35353== 
==35353== HEAP SUMMARY:
==35353==     in use at exit: 4,096 bytes in 1 blocks
==35353==   total heap usage: 1 allocs, 0 frees, 4,096 bytes allocated
==35353== 
==35353== LEAK SUMMARY:
==35353==    definitely lost: 0 bytes in 0 blocks
==35353==    indirectly lost: 0 bytes in 0 blocks
==35353==      possibly lost: 0 bytes in 0 blocks
==35353==    still reachable: 4,096 bytes in 1 blocks
==35353==         suppressed: 0 bytes in 0 blocks
==35353== Rerun with --leak-check=full to see details of leaked memory
==35353== 
==35353== For lists of detected and suppressed errors, rerun with: -s
==35353== ERROR SUMMARY: 1 errors from 1 contexts (suppressed: 0 from 0)
