==60622== Memcheck, a memory error detector
==60622== Copyright (C) 2002-2017, and GNU GPL'd, by Julian Seward et al.
==60622== Using Valgrind-3.18.1 and LibVEX; rerun with -h for copyright info
==60622== Command: ./ex17 db.dat l
==60622== 
1 zed zed@zedshaw.com
2 frank frank@zedshaw.com
5  test@example.com
==60622== 
==60622== HEAP SUMMARY:
==60622==     in use at exit: 103,688 bytes in 3 blocks
==60622==   total heap usage: 5 allocs, 2 frees, 111,880 bytes allocated
==60622== 
==60622== 472 bytes in 1 blocks are still reachable in loss record 1 of 3
==60622==    at 0x4848899: malloc (in /usr/libexec/valgrind/vgpreload_memcheck-amd64-linux.so)
==60622==    by 0x48ED64D: __fopen_internal (iofopen.c:65)
==60622==    by 0x48ED64D: fopen@@GLIBC_2.2.5 (iofopen.c:86)
==60622==    by 0x10957F: Database_open (ex17.c:123)
==60622==    by 0x109CEA: main (ex17.c:405)
==60622== 
==60622== 103,200 bytes in 1 blocks are indirectly lost in loss record 2 of 3
==60622==    at 0x484DA83: calloc (in /usr/libexec/valgrind/vgpreload_memcheck-amd64-linux.so)
==60622==    by 0x109513: Database_open (ex17.c:103)
==60622==    by 0x109CEA: main (ex17.c:405)
==60622== 
==60622== 103,216 (16 direct, 103,200 indirect) bytes in 1 blocks are definitely lost in loss record 3 of 3
==60622==    at 0x484DA83: calloc (in /usr/libexec/valgrind/vgpreload_memcheck-amd64-linux.so)
==60622==    by 0x1094E5: Database_open (ex17.c:96)
==60622==    by 0x109CEA: main (ex17.c:405)
==60622== 
==60622== LEAK SUMMARY:
==60622==    definitely lost: 16 bytes in 1 blocks
==60622==    indirectly lost: 103,200 bytes in 1 blocks
==60622==      possibly lost: 0 bytes in 0 blocks
==60622==    still reachable: 472 bytes in 1 blocks
==60622==         suppressed: 0 bytes in 0 blocks
==60622== 
==60622== For lists of detected and suppressed errors, rerun with: -s
==60622== ERROR SUMMARY: 1 errors from 1 contexts (suppressed: 0 from 0)
