==38367== Memcheck, a memory error detector
==38367== Copyright (C) 2002-2017, and GNU GPL'd, by Julian Seward et al.
==38367== Using Valgrind-3.18.1 and LibVEX; rerun with -h for copyright info
==38367== Command: ./ex8
==38367== 
The size of an int:4
The size of areas (int[]): 20
The number of ints in areas: 5
The first area is 10, the 2nd 12.
The size of a char: 1
The size of name (char[]): 4
The number of chars in name: 4
The size of full_name (char[]): 12
The number of chars in full_name: 12
name="Zed" and full_name="Zed A. Shaw"
==38367== 
==38367== HEAP SUMMARY:
==38367==     in use at exit: 0 bytes in 0 blocks
==38367==   total heap usage: 1 allocs, 1 frees, 4,096 bytes allocated
==38367== 
==38367== All heap blocks were freed -- no leaks are possible
==38367== 
==38367== For lists of detected and suppressed errors, rerun with: -s
==38367== ERROR SUMMARY: 0 errors from 0 contexts (suppressed: 0 from 0)
