==33411== Memcheck, a memory error detector
==33411== Copyright (C) 2002-2017, and GNU GPL'd, by Julian Seward et al.
==33411== Using Valgrind-3.18.1 and LibVEX; rerun with -h for copyright info
==33411== Command: ./ex4
==33411== 
==33411== Conditional jump or move depends on uninitialised value(s)
==33411==    at 0x48E4AD6: __vfprintf_internal (vfprintf-internal.c:1516)
==33411==    by 0x48CE79E: printf (printf.c:33)
==33411==    by 0x109188: main (ex4.c:11)
==33411==  Uninitialised value was created by a stack allocation
==33411==    at 0x109149: main (ex4.c:6)
==33411== 
==33411== Use of uninitialised value of size 8
==33411==    at 0x48C82EB: _itoa_word (_itoa.c:177)
==33411==    by 0x48E3ABD: __vfprintf_internal (vfprintf-internal.c:1516)
==33411==    by 0x48CE79E: printf (printf.c:33)
==33411==    by 0x109188: main (ex4.c:11)
==33411==  Uninitialised value was created by a stack allocation
==33411==    at 0x109149: main (ex4.c:6)
==33411== 
==33411== Conditional jump or move depends on uninitialised value(s)
==33411==    at 0x48C82FC: _itoa_word (_itoa.c:177)
==33411==    by 0x48E3ABD: __vfprintf_internal (vfprintf-internal.c:1516)
==33411==    by 0x48CE79E: printf (printf.c:33)
==33411==    by 0x109188: main (ex4.c:11)
==33411==  Uninitialised value was created by a stack allocation
==33411==    at 0x109149: main (ex4.c:6)
==33411== 
==33411== Conditional jump or move depends on uninitialised value(s)
==33411==    at 0x48E45C3: __vfprintf_internal (vfprintf-internal.c:1516)
==33411==    by 0x48CE79E: printf (printf.c:33)
==33411==    by 0x109188: main (ex4.c:11)
==33411==  Uninitialised value was created by a stack allocation
==33411==    at 0x109149: main (ex4.c:6)
==33411== 
==33411== Conditional jump or move depends on uninitialised value(s)
==33411==    at 0x48E3C05: __vfprintf_internal (vfprintf-internal.c:1516)
==33411==    by 0x48CE79E: printf (printf.c:33)
==33411==    by 0x109188: main (ex4.c:11)
==33411==  Uninitialised value was created by a stack allocation
==33411==    at 0x109149: main (ex4.c:6)
==33411== 
I am -16777768 years old.
I am 0 inches tall.
==33411== 
==33411== HEAP SUMMARY:
==33411==     in use at exit: 0 bytes in 0 blocks
==33411==   total heap usage: 1 allocs, 1 frees, 4,096 bytes allocated
==33411== 
==33411== All heap blocks were freed -- no leaks are possible
==33411== 
==33411== For lists of detected and suppressed errors, rerun with: -s
==33411== ERROR SUMMARY: 5 errors from 5 contexts (suppressed: 0 from 0)
